[2021-09-25T14:41:47.048600+00:00] game.INFO: Game started [] []
[2021-09-25T14:41:47.085262+00:00] game.INFO: First attacker is Wild Monster [] []
[2021-09-25T14:41:47.088909+00:00] game.INFO: Round 1 started [] []
[2021-09-25T14:41:47.089071+00:00] game.INFO: Lucky turn for Orderus.Opponent missed their hit. [] []
[2021-09-25T14:41:47.089219+00:00] game.INFO: Round 2 started [] []
[2021-09-25T14:41:47.089365+00:00] game.INFO: Orderus use ability Rapid Strike [] []
[2021-09-25T14:41:47.089515+00:00] game.INFO: Orderus strike with 30 damage [] []
[2021-09-25T14:41:47.089657+00:00] game.INFO: Wild Monster has 59 health left [] []
[2021-09-25T14:41:47.091069+00:00] game.INFO: Round 3 started [] []
[2021-09-25T14:41:47.091264+00:00] game.INFO: Wild Monster strike with 29 damage [] []
[2021-09-25T14:41:47.091501+00:00] game.INFO: Orderus has 49 health left [] []
[2021-09-25T14:41:47.091650+00:00] game.INFO: Round 4 started [] []
[2021-09-25T14:41:47.091790+00:00] game.INFO: Orderus strike with 15 damage [] []
[2021-09-25T14:41:47.091925+00:00] game.INFO: Wild Monster has 44 health left [] []
[2021-09-25T14:41:47.092068+00:00] game.INFO: Round 5 started [] []
[2021-09-25T14:41:47.092227+00:00] game.INFO: Lucky turn for Orderus.Opponent missed their hit. [] []
[2021-09-25T14:41:47.092418+00:00] game.INFO: Round 6 started [] []
[2021-09-25T14:41:47.092556+00:00] game.INFO: Lucky turn for Wild Monster.Opponent missed their hit. [] []
[2021-09-25T14:41:47.092740+00:00] game.INFO: Round 7 started [] []
[2021-09-25T14:41:47.092874+00:00] game.INFO: Wild Monster strike with 29 damage [] []
[2021-09-25T14:41:47.093058+00:00] game.INFO: Orderus has 20 health left [] []
[2021-09-25T14:41:47.093194+00:00] game.INFO: Round 8 started [] []
[2021-09-25T14:41:47.093348+00:00] game.INFO: Orderus strike with 15 damage [] []
[2021-09-25T14:41:47.093486+00:00] game.INFO: Wild Monster has 29 health left [] []
[2021-09-25T14:41:47.093622+00:00] game.INFO: Round 9 started [] []
[2021-09-25T14:41:47.093759+00:00] game.INFO: Orderus use ability Magic Shield [] []
[2021-09-25T14:41:47.093894+00:00] game.INFO: Wild Monster strike with 14.5 damage [] []
[2021-09-25T14:41:47.094030+00:00] game.INFO: Orderus has 5.5 health left [] []
[2021-09-25T14:41:47.094165+00:00] game.INFO: Round 10 started [] []
[2021-09-25T14:41:47.094308+00:00] game.INFO: Orderus strike with 15 damage [] []
[2021-09-25T14:41:47.094447+00:00] game.INFO: Wild Monster has 14 health left [] []
[2021-09-25T14:41:47.094582+00:00] game.INFO: Round 11 started [] []
[2021-09-25T14:41:47.094715+00:00] game.INFO: Lucky turn for Orderus.Opponent missed their hit. [] []
[2021-09-25T14:41:47.094850+00:00] game.INFO: Round 12 started [] []
[2021-09-25T14:41:47.094986+00:00] game.INFO: Orderus strike with 15 damage [] []
[2021-09-25T14:41:47.095120+00:00] game.INFO: Wild Monster has -1 health left [] []
[2021-09-25T14:41:47.095266+00:00] game.INFO: The winner is Orderus [] []
